[2025-08-06T19:47:14.342Z] ⛔ Encerrando monitoramento do botão...
[2025-08-06T19:47:47.192Z] 🔘 Monitorando botão GPIO17...
[2025-08-06T19:49:26.948Z] 🔘 Botão pressionado. Executando script...
[INFO] --- Iniciando modo Access Point ---
[INFO] Desconectando Wi-Fi atual e limpando configurações...
[INFO] Limpando redes Wi-Fi salvas...
[INFO] Criando arquivo hostapd.conf...
[INFO] Criando arquivo dnsmasq.conf...
[INFO] Configurando IP fixo para wlan0...
[INFO] Reiniciando serviços...
Synchronizing state of hostapd.service with SysV service script with /lib/systemd/systemd-sysv-install.
Executing: /lib/systemd/systemd-sysv-install enable hostapd
Created symlink /etc/systemd/system/multi-user.target.wants/hostapd.service → /lib/systemd/system/hostapd.service.
Synchronizing state of dnsmasq.service with SysV service script with /lib/systemd/systemd-sysv-install.
Executing: /lib/systemd/systemd-sysv-install enable dnsmasq
Created symlink /etc/systemd/system/multi-user.target.wants/dnsmasq.service → /lib/systemd/system/dnsmasq.service.
[SUCESSO] Modo Access Point configurado com sucesso. Reiniciando em 5 segundos...
[2025-08-06T19:50:01.413Z] ⛔ Encerrando monitoramento do botão...
[2025-08-06T19:50:33.615Z] 🔘 Monitorando botão GPIO17...
[INFO] Parando e desabilitando serviços de modo Access Point...
Synchronizing state of hostapd.service with SysV service script with /lib/systemd/systemd-sysv-install.
Executing: /lib/systemd/systemd-sysv-install disable hostapd
Removed /etc/systemd/system/multi-user.target.wants/hostapd.service.
Synchronizing state of dnsmasq.service with SysV service script with /lib/systemd/systemd-sysv-install.
Executing: /lib/systemd/systemd-sysv-install disable dnsmasq
Removed /etc/systemd/system/multi-user.target.wants/dnsmasq.service.
[INFO] Limpando IP fixo de wlan0 no /etc/dhcpcd.conf...
[INFO] Limpando IP da interface wlan0...
[INFO] Reiniciando o serviço de DHCP (dhcpcd)...
[INFO] Gerando nova configuração de rede Wi-Fi...
[INFO] Reiniciando wpa_supplicant...
Successfully initialized wpa_supplicant
nl80211: kernel reports: Match already configured
nl80211: kernel reports: Match already configured
nl80211: kernel reports: Match already configured
nl80211: kernel reports: Match already configured
nl80211: kernel reports: Match already configured
nl80211: kernel reports: Match already configured
nl80211: kernel reports: Match already configured
nl80211: kernel reports: Match already configured
nl80211: kernel reports: Match already configured
nl80211: kernel reports: Match already configured
nl80211: kernel reports: Match already configured
nl80211: kernel reports: Match already configured
nl80211: kernel reports: Match already configured
nl80211: kernel reports: Match already configured
nl80211: kernel reports: Match already configured
nl80211: kernel reports: Match already configured
nl80211: kernel reports: Match already configured
nl80211: kernel reports: Match already configured
nl80211: kernel reports: Match already configured
nl80211: kernel reports: Match already configured
nl80211: kernel reports: Match already configured
nl80211: kernel reports: Match already configured
ctrl_iface exists and seems to be in use - cannot override it
Delete '/var/run/wpa_supplicant/wlan0' manually if it is not used anymore
Failed to initialize control interface 'DIR=/var/run/wpa_supplicant GROUP=netdev'.
You may have another wpa_supplicant process already running or the file was
left by an unclean termination of wpa_supplicant in which case you will need
to manually remove this file before starting wpa_supplicant again.

nl80211: deinit ifname=wlan0 disabled_11b_rates=0
[INFO] Verificando conexão...
[ERRO] Não foi possível conectar à rede Wi-Fi.
[DEBUG] Estado: COMPLETED | IP: 
[INFO] Iniciando watchdog Wi-Fi por 25 segundos...
[INFO] Tentativa 1/5... aguardando...
[INFO] Tentativa 2/5... aguardando...
[SUCESSO] Conectado com IP 192.168.0.78
[2025-08-06T20:02:39.788Z] 🔘 Botão pressionado. Executando script...
[INFO] --- Iniciando modo Access Point ---
[INFO] Desconectando Wi-Fi atual e limpando configurações...
[INFO] Limpando redes Wi-Fi salvas...
[INFO] Criando arquivo hostapd.conf...
[INFO] Criando arquivo dnsmasq.conf...
[INFO] Configurando IP fixo para wlan0...
[INFO] Reiniciando serviços...
Synchronizing state of hostapd.service with SysV service script with /lib/systemd/systemd-sysv-install.
Executing: /lib/systemd/systemd-sysv-install enable hostapd
Created symlink /etc/systemd/system/multi-user.target.wants/hostapd.service → /lib/systemd/system/hostapd.service.
Synchronizing state of dnsmasq.service with SysV service script with /lib/systemd/systemd-sysv-install.
Executing: /lib/systemd/systemd-sysv-install enable dnsmasq
Created symlink /etc/systemd/system/multi-user.target.wants/dnsmasq.service → /lib/systemd/system/dnsmasq.service.
[SUCESSO] Modo Access Point configurado com sucesso. Reiniciando em 5 segundos...
[2025-08-06T20:03:15.928Z] ⛔ Encerrando monitoramento do botão...
[2025-08-06T20:03:50.230Z] 🔘 Monitorando botão GPIO17...
[INFO] Parando e desabilitando serviços de modo Access Point...
Synchronizing state of hostapd.service with SysV service script with /lib/systemd/systemd-sysv-install.
Executing: /lib/systemd/systemd-sysv-install disable hostapd
Removed /etc/systemd/system/multi-user.target.wants/hostapd.service.
Synchronizing state of dnsmasq.service with SysV service script with /lib/systemd/systemd-sysv-install.
Executing: /lib/systemd/systemd-sysv-install disable dnsmasq
Removed /etc/systemd/system/multi-user.target.wants/dnsmasq.service.
[INFO] Limpando IP fixo de wlan0 no /etc/dhcpcd.conf...
[INFO] Limpando IP da interface wlan0...
[INFO] Reiniciando o serviço de DHCP (dhcpcd)...
[INFO] Gerando nova configuração de rede Wi-Fi...
[INFO] Reiniciando wpa_supplicant...
Successfully initialized wpa_supplicant
nl80211: kernel reports: Match already configured
nl80211: kernel reports: Match already configured
nl80211: kernel reports: Match already configured
nl80211: kernel reports: Match already configured
nl80211: kernel reports: Match already configured
nl80211: kernel reports: Match already configured
nl80211: kernel reports: Match already configured
nl80211: kernel reports: Match already configured
nl80211: kernel reports: Match already configured
nl80211: kernel reports: Match already configured
nl80211: kernel reports: Match already configured
nl80211: kernel reports: Match already configured
nl80211: kernel reports: Match already configured
nl80211: kernel reports: Match already configured
nl80211: kernel reports: Match already configured
nl80211: kernel reports: Match already configured
nl80211: kernel reports: Match already configured
nl80211: kernel reports: Match already configured
nl80211: kernel reports: Match already configured
nl80211: kernel reports: Match already configured
nl80211: kernel reports: Match already configured
nl80211: kernel reports: Match already configured
[INFO] Verificando conexão...
[ERRO] Não foi possível conectar à rede Wi-Fi.
[DEBUG] Estado: COMPLETED | IP: 
[INFO] Iniciando watchdog Wi-Fi por 25 segundos...
[INFO] Tentativa 1/5... aguardando...
[INFO] Tentativa 2/5... aguardando...
[SUCESSO] Conectado com IP 192.168.0.78
[2025-08-06T20:13:35.203Z] 🔘 Botão pressionado. Executando script...
[INFO] --- Iniciando modo Access Point ---
[INFO] Desconectando Wi-Fi atual e limpando configurações...
[INFO] Limpando redes Wi-Fi salvas...
sudo: não foi possível resolver máquina meuhost: Nome ou serviço desconhecido
sudo: não foi possível resolver máquina meuhost: Nome ou serviço desconhecido
sudo: não foi possível resolver máquina meuhost: Nome ou serviço desconhecido
sudo: não foi possível resolver máquina meuhost: Nome ou serviço desconhecido
[INFO] Criando arquivo hostapd.conf...
sudo: não foi possível resolver máquina meuhost: Nome ou serviço desconhecido
sudo: não foi possível resolver máquina meuhost: Nome ou serviço desconhecido
[INFO] Criando arquivo dnsmasq.conf...
sudo: não foi possível resolver máquina meuhost: Nome ou serviço desconhecido
[INFO] Configurando IP fixo para wlan0...
sudo: não foi possível resolver máquina meuhost: Nome ou serviço desconhecido
sudo: não foi possível resolver máquina meuhost: Nome ou serviço desconhecido
[INFO] Reiniciando serviços...
sudo: não foi possível resolver máquina meuhost: Nome ou serviço desconhecido
sudo: não foi possível resolver máquina meuhost: Nome ou serviço desconhecido
sudo: não foi possível resolver máquina meuhost: Nome ou serviço desconhecido
Synchronizing state of hostapd.service with SysV service script with /lib/systemd/systemd-sysv-install.
Executing: /lib/systemd/systemd-sysv-install enable hostapd
Created symlink /etc/systemd/system/multi-user.target.wants/hostapd.service → /lib/systemd/system/hostapd.service.
sudo: não foi possível resolver máquina meuhost: Nome ou serviço desconhecido
Synchronizing state of dnsmasq.service with SysV service script with /lib/systemd/systemd-sysv-install.
Executing: /lib/systemd/systemd-sysv-install enable dnsmasq
Created symlink /etc/systemd/system/multi-user.target.wants/dnsmasq.service → /lib/systemd/system/dnsmasq.service.
sudo: não foi possível resolver máquina meuhost: Nome ou serviço desconhecido
sudo: não foi possível resolver máquina meuhost: Falha temporário na resolução de nome
[SUCESSO] Modo Access Point configurado com sucesso. Reiniciando em 5 segundos...
sudo: não foi possível resolver máquina meuhost: Falha temporário na resolução de nome
[2025-08-06T20:14:25.476Z] ⛔ Encerrando monitoramento do botão...
[2025-08-06T20:14:58.430Z] 🔘 Monitorando botão GPIO17...
[INFO] Parando e desabilitando serviços de modo Access Point...
sudo: não foi possível resolver máquina meuhost: Falha temporário na resolução de nome
sudo: não foi possível resolver máquina meuhost: Falha temporário na resolução de nome
sudo: não foi possível resolver máquina meuhost: Falha temporário na resolução de nome
Synchronizing state of hostapd.service with SysV service script with /lib/systemd/systemd-sysv-install.
Executing: /lib/systemd/systemd-sysv-install disable hostapd
Removed /etc/systemd/system/multi-user.target.wants/hostapd.service.
sudo: não foi possível resolver máquina meuhost: Falha temporário na resolução de nome
Synchronizing state of dnsmasq.service with SysV service script with /lib/systemd/systemd-sysv-install.
Executing: /lib/systemd/systemd-sysv-install disable dnsmasq
Removed /etc/systemd/system/multi-user.target.wants/dnsmasq.service.
[INFO] Limpando IP fixo de wlan0 no /etc/dhcpcd.conf...
sudo: não foi possível resolver máquina meuhost: Falha temporário na resolução de nome
[INFO] Limpando IP da interface wlan0...
sudo: não foi possível resolver máquina meuhost: Falha temporário na resolução de nome
[INFO] Reiniciando o serviço de DHCP (dhcpcd)...
sudo: não foi possível resolver máquina meuhost: Falha temporário na resolução de nome
[INFO] Gerando nova configuração de rede Wi-Fi...
[INFO] Reiniciando wpa_supplicant...
sudo: não foi possível resolver máquina meuhost: Falha temporário na resolução de nome
Successfully initialized wpa_supplicant
nl80211: kernel reports: Match already configured
nl80211: kernel reports: Match already configured
nl80211: kernel reports: Match already configured
nl80211: kernel reports: Match already configured
nl80211: kernel reports: Match already configured
nl80211: kernel reports: Match already configured
nl80211: kernel reports: Match already configured
nl80211: kernel reports: Match already configured
nl80211: kernel reports: Match already configured
nl80211: kernel reports: Match already configured
nl80211: kernel reports: Match already configured
nl80211: kernel reports: Match already configured
nl80211: kernel reports: Match already configured
nl80211: kernel reports: Match already configured
nl80211: kernel reports: Match already configured
nl80211: kernel reports: Match already configured
nl80211: kernel reports: Match already configured
nl80211: kernel reports: Match already configured
nl80211: kernel reports: Match already configured
nl80211: kernel reports: Match already configured
nl80211: kernel reports: Match already configured
ctrl_iface exists and seems to be in use - cannot override it
Delete '/var/run/wpa_supplicant/wlan0' manually if it is not used anymore
Failed to initialize control interface 'DIR=/var/run/wpa_supplicant GROUP=netdev'.
You may have another wpa_supplicant process already running or the file was
left by an unclean termination of wpa_supplicant in which case you will need
to manually remove this file before starting wpa_supplicant again.

nl80211: deinit ifname=wlan0 disabled_11b_rates=0
[INFO] Verificando conexão...
[ERRO] Não foi possível conectar à rede Wi-Fi.
[DEBUG] Estado: ASSOCIATING | IP: 
[INFO] Iniciando watchdog Wi-Fi por 25 segundos...
[INFO] Tentativa 1/5... aguardando...
[INFO] Tentativa 2/5... aguardando...
[INFO] Tentativa 3/5... aguardando...
[INFO] Tentativa 4/5... aguardando...
[INFO] Tentativa 5/5... aguardando...
[ERRO] Não conectado após 5 tentativas. Ativando modo Access Point...
[INFO] --- Iniciando modo Access Point ---
[INFO] Desconectando Wi-Fi atual e limpando configurações...
[INFO] Limpando redes Wi-Fi salvas...
sudo: não foi possível resolver máquina meuhost: Falha temporário na resolução de nome
sudo: não foi possível resolver máquina meuhost: Falha temporário na resolução de nome
sudo: não foi possível resolver máquina meuhost: Falha temporário na resolução de nome
sudo: não foi possível resolver máquina meuhost: Falha temporário na resolução de nome
[INFO] Criando arquivo hostapd.conf...
sudo: não foi possível resolver máquina meuhost: Falha temporário na resolução de nome
sudo: não foi possível resolver máquina meuhost: Falha temporário na resolução de nome
[INFO] Criando arquivo dnsmasq.conf...
sudo: não foi possível resolver máquina meuhost: Falha temporário na resolução de nome
[INFO] Configurando IP fixo para wlan0...
sudo: não foi possível resolver máquina meuhost: Falha temporário na resolução de nome
sudo: não foi possível resolver máquina meuhost: Falha temporário na resolução de nome
[INFO] Reiniciando serviços...
sudo: não foi possível resolver máquina meuhost: Falha temporário na resolução de nome
sudo: não foi possível resolver máquina meuhost: Falha temporário na resolução de nome
sudo: não foi possível resolver máquina meuhost: Falha temporário na resolução de nome
Synchronizing state of hostapd.service with SysV service script with /lib/systemd/systemd-sysv-install.
Executing: /lib/systemd/systemd-sysv-install enable hostapd
Created symlink /etc/systemd/system/multi-user.target.wants/hostapd.service → /lib/systemd/system/hostapd.service.
sudo: não foi possível resolver máquina meuhost: Falha temporário na resolução de nome
Synchronizing state of dnsmasq.service with SysV service script with /lib/systemd/systemd-sysv-install.
Executing: /lib/systemd/systemd-sysv-install enable dnsmasq
Created symlink /etc/systemd/system/multi-user.target.wants/dnsmasq.service → /lib/systemd/system/dnsmasq.service.
sudo: não foi possível resolver máquina meuhost: Falha temporário na resolução de nome
sudo: não foi possível resolver máquina meuhost: Falha temporário na resolução de nome
[SUCESSO] Modo Access Point configurado com sucesso. Reiniciando em 5 segundos...
sudo: não foi possível resolver máquina meuhost: Falha temporário na resolução de nome
[2025-08-06T20:16:36.596Z] ⛔ Encerrando monitoramento do botão...
[2025-08-06T20:17:09.301Z] 🔘 Monitorando botão GPIO17...
[INFO] Parando e desabilitando serviços de modo Access Point...
sudo: não foi possível resolver máquina meuhost: Falha temporário na resolução de nome
sudo: não foi possível resolver máquina meuhost: Falha temporário na resolução de nome
sudo: não foi possível resolver máquina meuhost: Falha temporário na resolução de nome
Synchronizing state of hostapd.service with SysV service script with /lib/systemd/systemd-sysv-install.
Executing: /lib/systemd/systemd-sysv-install disable hostapd
Removed /etc/systemd/system/multi-user.target.wants/hostapd.service.
sudo: não foi possível resolver máquina meuhost: Falha temporário na resolução de nome
Synchronizing state of dnsmasq.service with SysV service script with /lib/systemd/systemd-sysv-install.
Executing: /lib/systemd/systemd-sysv-install disable dnsmasq
Removed /etc/systemd/system/multi-user.target.wants/dnsmasq.service.
[INFO] Limpando IP fixo de wlan0 no /etc/dhcpcd.conf...
sudo: não foi possível resolver máquina meuhost: Falha temporário na resolução de nome
[INFO] Limpando IP da interface wlan0...
sudo: não foi possível resolver máquina meuhost: Falha temporário na resolução de nome
[INFO] Reiniciando o serviço de DHCP (dhcpcd)...
sudo: não foi possível resolver máquina meuhost: Falha temporário na resolução de nome
[INFO] Gerando nova configuração de rede Wi-Fi...
[INFO] Reiniciando wpa_supplicant...
sudo: não foi possível resolver máquina meuhost: Falha temporário na resolução de nome
Successfully initialized wpa_supplicant
ctrl_iface exists and seems to be in use - cannot override it
Delete '/var/run/wpa_supplicant/wlan0' manually if it is not used anymore
Failed to initialize control interface 'DIR=/var/run/wpa_supplicant GROUP=netdev'.
You may have another wpa_supplicant process already running or the file was
left by an unclean termination of wpa_supplicant in which case you will need
to manually remove this file before starting wpa_supplicant again.

nl80211: deinit ifname=wlan0 disabled_11b_rates=0
[INFO] Verificando conexão...
[ERRO] Não foi possível conectar à rede Wi-Fi.
[DEBUG] Estado: COMPLETED | IP: 
[INFO] Iniciando watchdog Wi-Fi por 25 segundos...
[INFO] Tentativa 1/5... aguardando...
[INFO] Tentativa 2/5... aguardando...
[SUCESSO] Conectado com IP 192.168.0.78
[2025-08-06T20:19:56.120Z] ⛔ Encerrando monitoramento do botão...
[2025-08-06T20:20:30.579Z] 🔘 Monitorando botão GPIO17...
[2025-08-06T20:29:36.372Z] 🔘 Botão pressionado. Executando script...
[INFO] --- Iniciando modo Access Point ---
[INFO] Desconectando Wi-Fi atual e limpando configurações...
[INFO] Limpando redes Wi-Fi salvas...
[INFO] Criando arquivo hostapd.conf...
[INFO] Criando arquivo dnsmasq.conf...
[INFO] Configurando IP fixo para wlan0...
[INFO] Reiniciando serviços...
Synchronizing state of hostapd.service with SysV service script with /lib/systemd/systemd-sysv-install.
Executing: /lib/systemd/systemd-sysv-install enable hostapd
Created symlink /etc/systemd/system/multi-user.target.wants/hostapd.service → /lib/systemd/system/hostapd.service.
Synchronizing state of dnsmasq.service with SysV service script with /lib/systemd/systemd-sysv-install.
Executing: /lib/systemd/systemd-sysv-install enable dnsmasq
Created symlink /etc/systemd/system/multi-user.target.wants/dnsmasq.service → /lib/systemd/system/dnsmasq.service.
[SUCESSO] Modo Access Point configurado com sucesso. Reiniciando em 5 segundos...
[2025-08-06T20:31:10.431Z] 🔘 Botão pressionado. Executando script...
[INFO] --- Iniciando modo Access Point ---
[INFO] Desconectando Wi-Fi atual e limpando configurações...
[INFO] Limpando redes Wi-Fi salvas...
[INFO] Criando arquivo hostapd.conf...
[INFO] Criando arquivo dnsmasq.conf...
[INFO] Configurando IP fixo para wlan0...
[INFO] Reiniciando serviços...
Synchronizing state of hostapd.service with SysV service script with /lib/systemd/systemd-sysv-install.
Executing: /lib/systemd/systemd-sysv-install enable hostapd
Synchronizing state of dnsmasq.service with SysV service script with /lib/systemd/systemd-sysv-install.
Executing: /lib/systemd/systemd-sysv-install enable dnsmasq
[SUCESSO] Modo Access Point configurado com sucesso. Reiniciando em 5 segundos...
[2025-08-06T20:31:45.550Z] ⛔ Encerrando monitoramento do botão...
[2025-08-06T20:32:17.573Z] 🔘 Monitorando botão GPIO17...
[INFO] Parando e desabilitando serviços de modo Access Point...
Synchronizing state of hostapd.service with SysV service script with /lib/systemd/systemd-sysv-install.
Executing: /lib/systemd/systemd-sysv-install disable hostapd
Removed /etc/systemd/system/multi-user.target.wants/hostapd.service.
Synchronizing state of dnsmasq.service with SysV service script with /lib/systemd/systemd-sysv-install.
Executing: /lib/systemd/systemd-sysv-install disable dnsmasq
Removed /etc/systemd/system/multi-user.target.wants/dnsmasq.service.
[INFO] Limpando IP fixo de wlan0 no /etc/dhcpcd.conf...
[INFO] Limpando IP da interface wlan0...
[INFO] Reiniciando o serviço de DHCP (dhcpcd)...
[INFO] Gerando nova configuração de rede Wi-Fi...
[INFO] Reiniciando wpa_supplicant...
Successfully initialized wpa_supplicant
[INFO] Verificando conexão...
[ERRO] Não foi possível conectar à rede Wi-Fi.
[DEBUG] Estado: COMPLETED | IP: 
[INFO] Iniciando watchdog Wi-Fi por 25 segundos...
[INFO] Tentativa 1/5... aguardando...
[INFO] Tentativa 2/5... aguardando...
[SUCESSO] Conectado com IP 192.168.0.78
[2025-08-06T20:42:05.120Z] ⛔ Encerrando monitoramento do botão...
[2025-08-06T20:42:40.009Z] 🔘 Monitorando botão GPIO17...
[2025-08-06T20:58:03.075Z] 🔘 Botão pressionado. Executando script...
[INFO] --- Iniciando modo Access Point ---
[INFO] Desconectando Wi-Fi atual e limpando configurações...
[INFO] Limpando redes Wi-Fi salvas...
[INFO] Criando arquivo hostapd.conf...
[INFO] Criando arquivo dnsmasq.conf...
[INFO] Configurando IP fixo para wlan0...
[INFO] Reiniciando serviços...
Synchronizing state of hostapd.service with SysV service script with /lib/systemd/systemd-sysv-install.
Executing: /lib/systemd/systemd-sysv-install enable hostapd
Created symlink /etc/systemd/system/multi-user.target.wants/hostapd.service → /lib/systemd/system/hostapd.service.
Synchronizing state of dnsmasq.service with SysV service script with /lib/systemd/systemd-sysv-install.
Executing: /lib/systemd/systemd-sysv-install enable dnsmasq
Created symlink /etc/systemd/system/multi-user.target.wants/dnsmasq.service → /lib/systemd/system/dnsmasq.service.
[INFO] --- Iniciando modo Access Point ---
[INFO] Desconectando Wi-Fi atual e limpando configurações...
[INFO] Limpando redes Wi-Fi salvas...
[INFO] Criando arquivo hostapd.conf...
Job for hostapd.service failed because the control process exited with error code.
See "systemctl status hostapd.service" and "journalctl -xe" for details.
[INFO] Criando arquivo dnsmasq.conf...
[INFO] Configurando IP fixo para wlan0...
[INFO] Reiniciando serviços...
[SUCESSO] Modo Access Point configurado com sucesso. Reiniciando em 5 segundos...
Synchronizing state of hostapd.service with SysV service script with /lib/systemd/systemd-sysv-install.
Executing: /lib/systemd/systemd-sysv-install enable hostapd
Synchronizing state of dnsmasq.service with SysV service script with /lib/systemd/systemd-sysv-install.
Executing: /lib/systemd/systemd-sysv-install enable dnsmasq
[2025-08-06T20:58:46.385Z] ⛔ Encerrando monitoramento do botão...
[2025-08-06T20:59:18.537Z] 🔘 Monitorando botão GPIO17...
[INFO] Parando serviços de modo Access Point...
Synchronizing state of hostapd.service with SysV service script with /lib/systemd/systemd-sysv-install.
Executing: /lib/systemd/systemd-sysv-install disable hostapd
Removed /etc/systemd/system/multi-user.target.wants/hostapd.service.
Synchronizing state of dnsmasq.service with SysV service script with /lib/systemd/systemd-sysv-install.
Executing: /lib/systemd/systemd-sysv-install disable dnsmasq
Removed /etc/systemd/system/multi-user.target.wants/dnsmasq.service.
[INFO] Limpando IP fixo de wlan0...
[INFO] Configurando rede Wi-Fi...
Successfully initialized wpa_supplicant
nl80211: kernel reports: Match already configured
nl80211: kernel reports: Match already configured
nl80211: kernel reports: Match already configured
nl80211: kernel reports: Match already configured
nl80211: kernel reports: Match already configured
nl80211: kernel reports: Match already configured
nl80211: kernel reports: Match already configured
nl80211: kernel reports: Match already configured
nl80211: kernel reports: Match already configured
nl80211: kernel reports: Match already configured
nl80211: kernel reports: Match already configured
nl80211: kernel reports: Match already configured
nl80211: kernel reports: Match already configured
nl80211: kernel reports: Match already configured
nl80211: kernel reports: Match already configured
nl80211: kernel reports: Match already configured
nl80211: kernel reports: Match already configured
nl80211: kernel reports: Match already configured
nl80211: kernel reports: Match already configured
nl80211: kernel reports: Match already configured
nl80211: kernel reports: Match already configured
nl80211: kernel reports: Match already configured
[ERRO] Falha na conexão Wi-Fi. Estado: COMPLETED | IP: 
[INFO] Iniciando watchdog Wi-Fi por 25 segundos...
[INFO] Tentativa 1/5... aguardando...
[INFO] Tentativa 2/5... aguardando...
[SUCESSO] Conectado com IP 192.168.0.78
[ERRO] Uso: /home/pi/Desktop/api_raspberry_pi/src/scripts/configurar_wifi.sh <SSID> <PASSWORD>
[INFO] --- Iniciando modo Access Point ---
[INFO] Desconectando Wi-Fi atual e limpando configurações...
[INFO] Limpando redes Wi-Fi salvas...
[INFO] Criando arquivo hostapd.conf...
[INFO] Criando arquivo dnsmasq.conf...
[INFO] Configurando IP fixo para wlan0...
[INFO] Reiniciando serviços...
Synchronizing state of hostapd.service with SysV service script with /lib/systemd/systemd-sysv-install.
Executing: /lib/systemd/systemd-sysv-install enable hostapd
[INFO] --- Iniciando modo Access Point ---
[INFO] Desconectando Wi-Fi atual e limpando configurações...
[INFO] Limpando redes Wi-Fi salvas...
[INFO] Criando arquivo hostapd.conf...
[INFO] Criando arquivo dnsmasq.conf...
[INFO] Configurando IP fixo para wlan0...
[INFO] Reiniciando serviços...
Synchronizing state of hostapd.service with SysV service script with /lib/systemd/systemd-sysv-install.
Executing: /lib/systemd/systemd-sysv-install enable hostapd
Created symlink /etc/systemd/system/multi-user.target.wants/hostapd.service → /lib/systemd/system/hostapd.service.
Synchronizing state of dnsmasq.service with SysV service script with /lib/systemd/systemd-sysv-install.
Executing: /lib/systemd/systemd-sysv-install enable dnsmasq
Created symlink /etc/systemd/system/multi-user.target.wants/dnsmasq.service → /lib/systemd/system/dnsmasq.service.
[SUCESSO] Modo Access Point configurado com sucesso. Reiniciando em 5 segundos...
[2025-08-06T21:18:06.286Z] ⛔ Encerrando monitoramento do botão...
[2025-08-06T21:18:38.185Z] 🔘 Monitorando botão GPIO17...
[INFO] Parando e desabilitando serviços de modo Access Point...
Synchronizing state of hostapd.service with SysV service script with /lib/systemd/systemd-sysv-install.
Executing: /lib/systemd/systemd-sysv-install disable hostapd
Removed /etc/systemd/system/multi-user.target.wants/hostapd.service.
Synchronizing state of dnsmasq.service with SysV service script with /lib/systemd/systemd-sysv-install.
Executing: /lib/systemd/systemd-sysv-install disable dnsmasq
Removed /etc/systemd/system/multi-user.target.wants/dnsmasq.service.
[INFO] Limpando IP fixo de wlan0 no /etc/dhcpcd.conf...
[INFO] Limpando IP da interface wlan0...
[INFO] Reiniciando o serviço de DHCP (dhcpcd)...
[INFO] Gerando nova configuração de rede Wi-Fi...
[INFO] Reiniciando wpa_supplicant...
Successfully initialized wpa_supplicant
[INFO] Verificando conexão...
[ERRO] Não foi possível conectar à rede Wi-Fi.
[DEBUG] Estado: COMPLETED | IP: 
[INFO] Obtendo serial do Raspberry Pi...
[INFO] Definindo novo hostname: geclaro-13b540
sudo: não foi possível resolver máquina geclaro-13b540: Falha temporário na resolução de nome
sudo: não foi possível resolver máquina geclaro-13b540: Falha temporário na resolução de nome
[SUCESSO] Hostname configurado para 'geclaro-13b540'
[INFO] Acesse via: http://geclaro-13b540.local
[INFO] Iniciando watchdog Wi-Fi por 25 segundos...
[INFO] Tentativa 1/5... aguardando...
[INFO] Tentativa 2/5... aguardando...
[SUCESSO] Conectado com IP 169.254.253.198
[2025-08-06T21:33:08.355Z] 🔘 Botão pressionado. Executando script...
[INFO] --- Iniciando modo Access Point ---
[INFO] Desconectando Wi-Fi atual e limpando configurações...
[INFO] Limpando redes Wi-Fi salvas...
[INFO] Criando arquivo hostapd.conf...
[INFO] Criando arquivo dnsmasq.conf...
[INFO] Configurando IP fixo para wlan0...
[INFO] Reiniciando serviços...
Synchronizing state of hostapd.service with SysV service script with /lib/systemd/systemd-sysv-install.
Executing: /lib/systemd/systemd-sysv-install enable hostapd
Created symlink /etc/systemd/system/multi-user.target.wants/hostapd.service → /lib/systemd/system/hostapd.service.
Synchronizing state of dnsmasq.service with SysV service script with /lib/systemd/systemd-sysv-install.
Executing: /lib/systemd/systemd-sysv-install enable dnsmasq
Created symlink /etc/systemd/system/multi-user.target.wants/dnsmasq.service → /lib/systemd/system/dnsmasq.service.
[SUCESSO] Modo Access Point configurado com sucesso. Reiniciando em 5 segundos...
[2025-08-06T21:33:46.834Z] ⛔ Encerrando monitoramento do botão...
[2025-08-06T21:35:44.224Z] 🔘 Monitorando botão GPIO17...
[INFO] Parando e desabilitando serviços de modo Access Point...
Synchronizing state of hostapd.service with SysV service script with /lib/systemd/systemd-sysv-install.
Executing: /lib/systemd/systemd-sysv-install disable hostapd
Removed /etc/systemd/system/multi-user.target.wants/hostapd.service.
Synchronizing state of dnsmasq.service with SysV service script with /lib/systemd/systemd-sysv-install.
Executing: /lib/systemd/systemd-sysv-install disable dnsmasq
Removed /etc/systemd/system/multi-user.target.wants/dnsmasq.service.
[INFO] Limpando IP fixo de wlan0 no /etc/dhcpcd.conf...
[INFO] Limpando IP da interface wlan0...
[INFO] Reiniciando o serviço de DHCP (dhcpcd)...
[INFO] Gerando nova configuração de rede Wi-Fi...
[INFO] Reiniciando wpa_supplicant...
Successfully initialized wpa_supplicant
nl80211: kernel reports: Match already configured
nl80211: kernel reports: Match already configured
nl80211: kernel reports: Match already configured
nl80211: kernel reports: Match already configured
nl80211: kernel reports: Match already configured
nl80211: kernel reports: Match already configured
nl80211: kernel reports: Match already configured
nl80211: kernel reports: Match already configured
nl80211: kernel reports: Match already configured
nl80211: kernel reports: Match already configured
nl80211: kernel reports: Match already configured
nl80211: kernel reports: Match already configured
nl80211: kernel reports: Match already configured
nl80211: kernel reports: Match already configured
nl80211: kernel reports: Match already configured
nl80211: kernel reports: Match already configured
nl80211: kernel reports: Match already configured
nl80211: kernel reports: Match already configured
nl80211: kernel reports: Match already configured
nl80211: kernel reports: Match already configured
nl80211: kernel reports: Match already configured
nl80211: kernel reports: Match already configured
[INFO] Verificando conexão...
[INFO] Definindo novo hostname: raspberrypi-000000005913b540
sudo: não foi possível resolver máquina raspberrypi-000000005913b540: Falha temporário na resolução de nome
sudo: não foi possível resolver máquina raspberrypi-000000005913b540: Falha temporário na resolução de nome
[INFO] Reiniciando avahi-daemon para refletir novo hostname...
[ERRO] Não foi possível conectar à rede Wi-Fi.
[DEBUG] Estado: COMPLETED | IP: 
[INFO] Iniciando watchdog Wi-Fi por 25 segundos...
[INFO] Tentativa 1/5... aguardando...
[INFO] Tentativa 2/5... aguardando...
[SUCESSO] Conectado com IP 192.168.0.78
